2014/09/10 15:23:00 [error] [exception.CHttpException.404] exception 'CHttpException' with message 'Unable to resolve the request "tests/unit/DbTest.php".' in C:\Bitnami\wampstack-5.4.32-0\apache2\htdocs\yiiPath\framework\web\CWebApplication.php:286
Stack trace:
#0 C:\Bitnami\wampstack-5.4.32-0\apache2\htdocs\yiiPath\framework\web\CWebApplication.php(141): CWebApplication->runController('tests/unit/DbTe...')
#1 C:\Bitnami\wampstack-5.4.32-0\apache2\htdocs\yiiPath\framework\base\CApplication.php(180): CWebApplication->processRequest()
#2 C:\Bitnami\wampstack-5.4.32-0\apache2\htdocs\isis\index.php(13): CApplication->run()
#3 {main}
REQUEST_URI=/isis/index.php?r=tests/unit/DbTest.php
---
2014/09/11 11:22:26 [error] [exception.CHttpException.404] exception 'CHttpException' with message 'Unable to resolve the request "test/DbTest.php".' in C:\Bitnami\wampstack-5.4.32-0\apache2\htdocs\yiiPath\framework\web\CWebApplication.php:286
Stack trace:
#0 C:\Bitnami\wampstack-5.4.32-0\apache2\htdocs\yiiPath\framework\web\CWebApplication.php(141): CWebApplication->runController('test/DbTest.php')
#1 C:\Bitnami\wampstack-5.4.32-0\apache2\htdocs\yiiPath\framework\base\CApplication.php(180): CWebApplication->processRequest()
#2 C:\Bitnami\wampstack-5.4.32-0\apache2\htdocs\isis\index.php(13): CApplication->run()
#3 {main}
REQUEST_URI=/isis/index.php?r=test/DbTest.php
---
2014/09/11 11:23:00 [error] [exception.CHttpException.404] exception 'CHttpException' with message 'Unable to resolve the request "tests/unit/DbTest.php".' in C:\Bitnami\wampstack-5.4.32-0\apache2\htdocs\yiiPath\framework\web\CWebApplication.php:286
Stack trace:
#0 C:\Bitnami\wampstack-5.4.32-0\apache2\htdocs\yiiPath\framework\web\CWebApplication.php(141): CWebApplication->runController('tests/unit/DbTe...')
#1 C:\Bitnami\wampstack-5.4.32-0\apache2\htdocs\yiiPath\framework\base\CApplication.php(180): CWebApplication->processRequest()
#2 C:\Bitnami\wampstack-5.4.32-0\apache2\htdocs\isis\index.php(13): CApplication->run()
#3 {main}
REQUEST_URI=/isis/index.php?r=tests/unit/DbTest.php
---
2014/09/11 11:25:42 [error] [exception.CHttpException.404] exception 'CHttpException' with message 'Unable to resolve the request "tests/unit/login.php".' in C:\Bitnami\wampstack-5.4.32-0\apache2\htdocs\yiiPath\framework\web\CWebApplication.php:286
Stack trace:
#0 C:\Bitnami\wampstack-5.4.32-0\apache2\htdocs\yiiPath\framework\web\CWebApplication.php(141): CWebApplication->runController('tests/unit/logi...')
#1 C:\Bitnami\wampstack-5.4.32-0\apache2\htdocs\yiiPath\framework\base\CApplication.php(180): CWebApplication->processRequest()
#2 C:\Bitnami\wampstack-5.4.32-0\apache2\htdocs\isis\index.php(13): CApplication->run()
#3 {main}
REQUEST_URI=/isis/index.php?r=tests/unit/login.php
---
2014/09/11 11:26:15 [error] [exception.CHttpException.404] exception 'CHttpException' with message 'Unable to resolve the request "tests/unit/".' in C:\Bitnami\wampstack-5.4.32-0\apache2\htdocs\yiiPath\framework\web\CWebApplication.php:286
Stack trace:
#0 C:\Bitnami\wampstack-5.4.32-0\apache2\htdocs\yiiPath\framework\web\CWebApplication.php(141): CWebApplication->runController('tests/unit/')
#1 C:\Bitnami\wampstack-5.4.32-0\apache2\htdocs\yiiPath\framework\base\CApplication.php(180): CWebApplication->processRequest()
#2 C:\Bitnami\wampstack-5.4.32-0\apache2\htdocs\isis\index.php(13): CApplication->run()
#3 {main}
REQUEST_URI=/isis/index.php?r=tests/unit/
---
2014/09/11 11:26:21 [error] [exception.CHttpException.404] exception 'CHttpException' with message 'Unable to resolve the request "tests/".' in C:\Bitnami\wampstack-5.4.32-0\apache2\htdocs\yiiPath\framework\web\CWebApplication.php:286
Stack trace:
#0 C:\Bitnami\wampstack-5.4.32-0\apache2\htdocs\yiiPath\framework\web\CWebApplication.php(141): CWebApplication->runController('tests/')
#1 C:\Bitnami\wampstack-5.4.32-0\apache2\htdocs\yiiPath\framework\base\CApplication.php(180): CWebApplication->processRequest()
#2 C:\Bitnami\wampstack-5.4.32-0\apache2\htdocs\isis\index.php(13): CApplication->run()
#3 {main}
REQUEST_URI=/isis/index.php?r=tests/
---
2014/09/11 14:04:35 [error] [exception.CDbException] exception 'CDbException' with message 'CDbConnection failed to open the DB connection: SQLSTATE[HY000] [1049] Unknown database 'trackstar'' in C:\Bitnami\wampstack-5.4.32-0\apache2\htdocs\yiiPath\framework\db\CDbConnection.php:382
Stack trace:
#0 C:\Bitnami\wampstack-5.4.32-0\apache2\htdocs\yiiPath\framework\db\CDbConnection.php(330): CDbConnection->open()
#1 C:\Bitnami\wampstack-5.4.32-0\apache2\htdocs\yiiPath\framework\db\CDbConnection.php(308): CDbConnection->setActive(true)
#2 C:\Bitnami\wampstack-5.4.32-0\apache2\htdocs\yiiPath\framework\base\CModule.php(387): CDbConnection->init()
#3 C:\Bitnami\wampstack-5.4.32-0\apache2\htdocs\yiiPath\framework\cli\commands\MigrateCommand.php(442): CModule->getComponent('db')
#4 C:\Bitnami\wampstack-5.4.32-0\apache2\htdocs\yiiPath\framework\cli\commands\MigrateCommand.php(451): MigrateCommand->getDbConnection()
#5 C:\Bitnami\wampstack-5.4.32-0\apache2\htdocs\yiiPath\framework\cli\commands\MigrateCommand.php(482): MigrateCommand->getMigrationHistory(-1)
#6 C:\Bitnami\wampstack-5.4.32-0\apache2\htdocs\yiiPath\framework\cli\commands\MigrateCommand.php(84): MigrateCommand->getNewMigrations()
#7 [internal function]: MigrateCommand->actionUp(Array)
#8 C:\Bitnami\wampstack-5.4.32-0\apache2\htdocs\yiiPath\framework\console\CConsoleCommand.php(172): ReflectionMethod->invokeArgs(Object(MigrateCommand), Array)
#9 C:\Bitnami\wampstack-5.4.32-0\apache2\htdocs\yiiPath\framework\console\CConsoleCommandRunner.php(71): CConsoleCommand->run(Array)
#10 C:\Bitnami\wampstack-5.4.32-0\apache2\htdocs\yiiPath\framework\console\CConsoleApplication.php(92): CConsoleCommandRunner->run(Array)
#11 C:\Bitnami\wampstack-5.4.32-0\apache2\htdocs\yiiPath\framework\base\CApplication.php(180): CConsoleApplication->processRequest()
#12 C:\Bitnami\wampstack-5.4.32-0\apache2\htdocs\yiiPath\framework\yiic.php(33): CApplication->run()
#13 C:\Bitnami\wampstack-5.4.32-0\apache2\htdocs\isis\protected\yiic.php(7): require_once('C:\\Bitnami\\wamp...')
#14 {main}
---
2014/09/11 14:05:12 [error] [exception.CDbException] exception 'CDbException' with message 'CDbConnection failed to open the DB connection: SQLSTATE[HY000] [1049] Unknown database 'trackstar'' in C:\Bitnami\wampstack-5.4.32-0\apache2\htdocs\yiiPath\framework\db\CDbConnection.php:382
Stack trace:
#0 C:\Bitnami\wampstack-5.4.32-0\apache2\htdocs\yiiPath\framework\db\CDbConnection.php(330): CDbConnection->open()
#1 C:\Bitnami\wampstack-5.4.32-0\apache2\htdocs\yiiPath\framework\db\CDbConnection.php(308): CDbConnection->setActive(true)
#2 C:\Bitnami\wampstack-5.4.32-0\apache2\htdocs\yiiPath\framework\base\CModule.php(387): CDbConnection->init()
#3 C:\Bitnami\wampstack-5.4.32-0\apache2\htdocs\yiiPath\framework\cli\commands\MigrateCommand.php(442): CModule->getComponent('db')
#4 C:\Bitnami\wampstack-5.4.32-0\apache2\htdocs\yiiPath\framework\cli\commands\MigrateCommand.php(451): MigrateCommand->getDbConnection()
#5 C:\Bitnami\wampstack-5.4.32-0\apache2\htdocs\yiiPath\framework\cli\commands\MigrateCommand.php(482): MigrateCommand->getMigrationHistory(-1)
#6 C:\Bitnami\wampstack-5.4.32-0\apache2\htdocs\yiiPath\framework\cli\commands\MigrateCommand.php(84): MigrateCommand->getNewMigrations()
#7 [internal function]: MigrateCommand->actionUp(Array)
#8 C:\Bitnami\wampstack-5.4.32-0\apache2\htdocs\yiiPath\framework\console\CConsoleCommand.php(172): ReflectionMethod->invokeArgs(Object(MigrateCommand), Array)
#9 C:\Bitnami\wampstack-5.4.32-0\apache2\htdocs\yiiPath\framework\console\CConsoleCommandRunner.php(71): CConsoleCommand->run(Array)
#10 C:\Bitnami\wampstack-5.4.32-0\apache2\htdocs\yiiPath\framework\console\CConsoleApplication.php(92): CConsoleCommandRunner->run(Array)
#11 C:\Bitnami\wampstack-5.4.32-0\apache2\htdocs\yiiPath\framework\base\CApplication.php(180): CConsoleApplication->processRequest()
#12 C:\Bitnami\wampstack-5.4.32-0\apache2\htdocs\yiiPath\framework\yiic.php(33): CApplication->run()
#13 C:\Bitnami\wampstack-5.4.32-0\apache2\htdocs\isis\protected\yiic.php(7): require_once('C:\\Bitnami\\wamp...')
#14 {main}
---
2014/09/11 14:06:26 [error] [exception.CDbException] exception 'CDbException' with message 'CDbConnection failed to open the DB connection: SQLSTATE[HY000] [1049] Unknown database 'trackstar'' in C:\Bitnami\wampstack-5.4.32-0\apache2\htdocs\yiiPath\framework\db\CDbConnection.php:382
Stack trace:
#0 C:\Bitnami\wampstack-5.4.32-0\apache2\htdocs\yiiPath\framework\db\CDbConnection.php(330): CDbConnection->open()
#1 C:\Bitnami\wampstack-5.4.32-0\apache2\htdocs\yiiPath\framework\db\CDbConnection.php(308): CDbConnection->setActive(true)
#2 C:\Bitnami\wampstack-5.4.32-0\apache2\htdocs\yiiPath\framework\base\CModule.php(387): CDbConnection->init()
#3 C:\Bitnami\wampstack-5.4.32-0\apache2\htdocs\yiiPath\framework\cli\commands\MigrateCommand.php(442): CModule->getComponent('db')
#4 C:\Bitnami\wampstack-5.4.32-0\apache2\htdocs\yiiPath\framework\cli\commands\MigrateCommand.php(451): MigrateCommand->getDbConnection()
#5 C:\Bitnami\wampstack-5.4.32-0\apache2\htdocs\yiiPath\framework\cli\commands\MigrateCommand.php(482): MigrateCommand->getMigrationHistory(-1)
#6 C:\Bitnami\wampstack-5.4.32-0\apache2\htdocs\yiiPath\framework\cli\commands\MigrateCommand.php(84): MigrateCommand->getNewMigrations()
#7 [internal function]: MigrateCommand->actionUp(Array)
#8 C:\Bitnami\wampstack-5.4.32-0\apache2\htdocs\yiiPath\framework\console\CConsoleCommand.php(172): ReflectionMethod->invokeArgs(Object(MigrateCommand), Array)
#9 C:\Bitnami\wampstack-5.4.32-0\apache2\htdocs\yiiPath\framework\console\CConsoleCommandRunner.php(71): CConsoleCommand->run(Array)
#10 C:\Bitnami\wampstack-5.4.32-0\apache2\htdocs\yiiPath\framework\console\CConsoleApplication.php(92): CConsoleCommandRunner->run(Array)
#11 C:\Bitnami\wampstack-5.4.32-0\apache2\htdocs\yiiPath\framework\base\CApplication.php(180): CConsoleApplication->processRequest()
#12 C:\Bitnami\wampstack-5.4.32-0\apache2\htdocs\yiiPath\framework\yiic.php(33): CApplication->run()
#13 C:\Bitnami\wampstack-5.4.32-0\apache2\htdocs\isis\protected\yiic.php(7): require_once('C:\\Bitnami\\wamp...')
#14 {main}
---
2014/09/11 14:07:13 [error] [exception.CDbException] exception 'CDbException' with message 'CDbConnection failed to open the DB connection: SQLSTATE[HY000] [1049] Unknown database 'trackstar'' in C:\Bitnami\wampstack-5.4.32-0\apache2\htdocs\yiiPath\framework\db\CDbConnection.php:382
Stack trace:
#0 C:\Bitnami\wampstack-5.4.32-0\apache2\htdocs\yiiPath\framework\db\CDbConnection.php(330): CDbConnection->open()
#1 C:\Bitnami\wampstack-5.4.32-0\apache2\htdocs\yiiPath\framework\db\CDbConnection.php(308): CDbConnection->setActive(true)
#2 C:\Bitnami\wampstack-5.4.32-0\apache2\htdocs\yiiPath\framework\base\CModule.php(387): CDbConnection->init()
#3 C:\Bitnami\wampstack-5.4.32-0\apache2\htdocs\yiiPath\framework\cli\commands\MigrateCommand.php(442): CModule->getComponent('db')
#4 C:\Bitnami\wampstack-5.4.32-0\apache2\htdocs\yiiPath\framework\cli\commands\MigrateCommand.php(451): MigrateCommand->getDbConnection()
#5 C:\Bitnami\wampstack-5.4.32-0\apache2\htdocs\yiiPath\framework\cli\commands\MigrateCommand.php(482): MigrateCommand->getMigrationHistory(-1)
#6 C:\Bitnami\wampstack-5.4.32-0\apache2\htdocs\yiiPath\framework\cli\commands\MigrateCommand.php(84): MigrateCommand->getNewMigrations()
#7 [internal function]: MigrateCommand->actionUp(Array)
#8 C:\Bitnami\wampstack-5.4.32-0\apache2\htdocs\yiiPath\framework\console\CConsoleCommand.php(172): ReflectionMethod->invokeArgs(Object(MigrateCommand), Array)
#9 C:\Bitnami\wampstack-5.4.32-0\apache2\htdocs\yiiPath\framework\console\CConsoleCommandRunner.php(71): CConsoleCommand->run(Array)
#10 C:\Bitnami\wampstack-5.4.32-0\apache2\htdocs\yiiPath\framework\console\CConsoleApplication.php(92): CConsoleCommandRunner->run(Array)
#11 C:\Bitnami\wampstack-5.4.32-0\apache2\htdocs\yiiPath\framework\base\CApplication.php(180): CConsoleApplication->processRequest()
#12 C:\Bitnami\wampstack-5.4.32-0\apache2\htdocs\yiiPath\framework\yiic.php(33): CApplication->run()
#13 C:\Bitnami\wampstack-5.4.32-0\apache2\htdocs\isis\protected\yiic.php(7): require_once('C:\\Bitnami\\wamp...')
#14 {main}
---
2014/09/11 14:11:15 [error] [system.db.CDbCommand] CDbCommand::fetchAll() failed: SQLSTATE[42S02]: Base table or view not found: 1146 Table 'mydb.tbl_migration' doesn't exist. The SQL statement executed was: SHOW FULL COLUMNS FROM `tbl_migration`.
2014/09/13 18:16:06 [error] [exception.CException] exception 'CException' with message 'User and its behaviors do not have a method or closure named "getTypeOptions".' in C:\Bitnami\wampstack-5.4.32-0\apache2\htdocs\yiiPath\framework\base\CComponent.php:266
Stack trace:
#0 C:\Bitnami\wampstack-5.4.32-0\apache2\htdocs\yiiPath\framework\db\ar\CActiveRecord.php(227): CComponent->__call('getTypeOptions', Array)
#1 C:\Bitnami\wampstack-5.4.32-0\apache2\htdocs\isis\protected\views\user\_form.php(32): CActiveRecord->__call('getTypeOptions', Array)
#2 C:\Bitnami\wampstack-5.4.32-0\apache2\htdocs\isis\protected\views\user\_form.php(32): User->getTypeOptions()
#3 C:\Bitnami\wampstack-5.4.32-0\apache2\htdocs\yiiPath\framework\web\CBaseController.php(126): require('C:\\Bitnami\\wamp...')
#4 C:\Bitnami\wampstack-5.4.32-0\apache2\htdocs\yiiPath\framework\web\CBaseController.php(95): CBaseController->renderInternal('C:\\Bitnami\\wamp...', Array, true)
#5 C:\Bitnami\wampstack-5.4.32-0\apache2\htdocs\yiiPath\framework\web\CController.php(869): CBaseController->renderFile('C:\\Bitnami\\wamp...', Array, true)
#6 C:\Bitnami\wampstack-5.4.32-0\apache2\htdocs\isis\protected\views\user\create.php(18): CController->renderPartial('_form', Array)
#7 C:\Bitnami\wampstack-5.4.32-0\apache2\htdocs\yiiPath\framework\web\CBaseController.php(126): require('C:\\Bitnami\\wamp...')
#8 C:\Bitnami\wampstack-5.4.32-0\apache2\htdocs\yiiPath\framework\web\CBaseController.php(95): CBaseController->renderInternal('C:\\Bitnami\\wamp...', Array, true)
#9 C:\Bitnami\wampstack-5.4.32-0\apache2\htdocs\yiiPath\framework\web\CController.php(869): CBaseController->renderFile('C:\\Bitnami\\wamp...', Array, true)
#10 C:\Bitnami\wampstack-5.4.32-0\apache2\htdocs\yiiPath\framework\web\CController.php(782): CController->renderPartial('create', Array, true)
#11 C:\Bitnami\wampstack-5.4.32-0\apache2\htdocs\isis\protected\controllers\UserController.php(79): CController->render('create', Array)
#12 C:\Bitnami\wampstack-5.4.32-0\apache2\htdocs\yiiPath\framework\web\actions\CInlineAction.php(49): UserController->actionCreate()
#13 C:\Bitnami\wampstack-5.4.32-0\apache2\htdocs\yiiPath\framework\web\CController.php(308): CInlineAction->runWithParams(Array)
#14 C:\Bitnami\wampstack-5.4.32-0\apache2\htdocs\yiiPath\framework\web\filters\CFilterChain.php(133): CController->runAction(Object(CInlineAction))
#15 C:\Bitnami\wampstack-5.4.32-0\apache2\htdocs\yiiPath\framework\web\filters\CFilter.php(40): CFilterChain->run()
#16 C:\Bitnami\wampstack-5.4.32-0\apache2\htdocs\yiiPath\framework\web\CController.php(1145): CFilter->filter(Object(CFilterChain))
#17 C:\Bitnami\wampstack-5.4.32-0\apache2\htdocs\yiiPath\framework\web\filters\CInlineFilter.php(58): CController->filterAccessControl(Object(CFilterChain))
#18 C:\Bitnami\wampstack-5.4.32-0\apache2\htdocs\yiiPath\framework\web\filters\CFilterChain.php(130): CInlineFilter->filter(Object(CFilterChain))
#19 C:\Bitnami\wampstack-5.4.32-0\apache2\htdocs\yiiPath\framework\web\CController.php(291): CFilterChain->run()
#20 C:\Bitnami\wampstack-5.4.32-0\apache2\htdocs\yiiPath\framework\web\CController.php(265): CController->runActionWithFilters(Object(CInlineAction), Array)
#21 C:\Bitnami\wampstack-5.4.32-0\apache2\htdocs\yiiPath\framework\web\CWebApplication.php(282): CController->run('create')
#22 C:\Bitnami\wampstack-5.4.32-0\apache2\htdocs\yiiPath\framework\web\CWebApplication.php(141): CWebApplication->runController('user/create')
#23 C:\Bitnami\wampstack-5.4.32-0\apache2\htdocs\yiiPath\framework\base\CApplication.php(180): CWebApplication->processRequest()
#24 C:\Bitnami\wampstack-5.4.32-0\apache2\htdocs\isis\index.php(13): CApplication->run()
#25 {main}
REQUEST_URI=/isis/index.php?r=user/create
HTTP_REFERER=http://localhost/isis/index.php?r=user
---
2014/09/13 18:19:00 [error] [exception.CException] exception 'CException' with message 'User and its behaviors do not have a method or closure named "getTypeOptions".' in C:\Bitnami\wampstack-5.4.32-0\apache2\htdocs\yiiPath\framework\base\CComponent.php:266
Stack trace:
#0 C:\Bitnami\wampstack-5.4.32-0\apache2\htdocs\yiiPath\framework\db\ar\CActiveRecord.php(227): CComponent->__call('getTypeOptions', Array)
#1 C:\Bitnami\wampstack-5.4.32-0\apache2\htdocs\isis\protected\views\user\_form.php(32): CActiveRecord->__call('getTypeOptions', Array)
#2 C:\Bitnami\wampstack-5.4.32-0\apache2\htdocs\isis\protected\views\user\_form.php(32): User->getTypeOptions()
#3 C:\Bitnami\wampstack-5.4.32-0\apache2\htdocs\yiiPath\framework\web\CBaseController.php(126): require('C:\\Bitnami\\wamp...')
#4 C:\Bitnami\wampstack-5.4.32-0\apache2\htdocs\yiiPath\framework\web\CBaseController.php(95): CBaseController->renderInternal('C:\\Bitnami\\wamp...', Array, true)
#5 C:\Bitnami\wampstack-5.4.32-0\apache2\htdocs\yiiPath\framework\web\CController.php(869): CBaseController->renderFile('C:\\Bitnami\\wamp...', Array, true)
#6 C:\Bitnami\wampstack-5.4.32-0\apache2\htdocs\isis\protected\views\user\create.php(18): CController->renderPartial('_form', Array)
#7 C:\Bitnami\wampstack-5.4.32-0\apache2\htdocs\yiiPath\framework\web\CBaseController.php(126): require('C:\\Bitnami\\wamp...')
#8 C:\Bitnami\wampstack-5.4.32-0\apache2\htdocs\yiiPath\framework\web\CBaseController.php(95): CBaseController->renderInternal('C:\\Bitnami\\wamp...', Array, true)
#9 C:\Bitnami\wampstack-5.4.32-0\apache2\htdocs\yiiPath\framework\web\CController.php(869): CBaseController->renderFile('C:\\Bitnami\\wamp...', Array, true)
#10 C:\Bitnami\wampstack-5.4.32-0\apache2\htdocs\yiiPath\framework\web\CController.php(782): CController->renderPartial('create', Array, true)
#11 C:\Bitnami\wampstack-5.4.32-0\apache2\htdocs\isis\protected\controllers\UserController.php(79): CController->render('create', Array)
#12 C:\Bitnami\wampstack-5.4.32-0\apache2\htdocs\yiiPath\framework\web\actions\CInlineAction.php(49): UserController->actionCreate()
#13 C:\Bitnami\wampstack-5.4.32-0\apache2\htdocs\yiiPath\framework\web\CController.php(308): CInlineAction->runWithParams(Array)
#14 C:\Bitnami\wampstack-5.4.32-0\apache2\htdocs\yiiPath\framework\web\filters\CFilterChain.php(133): CController->runAction(Object(CInlineAction))
#15 C:\Bitnami\wampstack-5.4.32-0\apache2\htdocs\yiiPath\framework\web\filters\CFilter.php(40): CFilterChain->run()
#16 C:\Bitnami\wampstack-5.4.32-0\apache2\htdocs\yiiPath\framework\web\CController.php(1145): CFilter->filter(Object(CFilterChain))
#17 C:\Bitnami\wampstack-5.4.32-0\apache2\htdocs\yiiPath\framework\web\filters\CInlineFilter.php(58): CController->filterAccessControl(Object(CFilterChain))
#18 C:\Bitnami\wampstack-5.4.32-0\apache2\htdocs\yiiPath\framework\web\filters\CFilterChain.php(130): CInlineFilter->filter(Object(CFilterChain))
#19 C:\Bitnami\wampstack-5.4.32-0\apache2\htdocs\yiiPath\framework\web\CController.php(291): CFilterChain->run()
#20 C:\Bitnami\wampstack-5.4.32-0\apache2\htdocs\yiiPath\framework\web\CController.php(265): CController->runActionWithFilters(Object(CInlineAction), Array)
#21 C:\Bitnami\wampstack-5.4.32-0\apache2\htdocs\yiiPath\framework\web\CWebApplication.php(282): CController->run('create')
#22 C:\Bitnami\wampstack-5.4.32-0\apache2\htdocs\yiiPath\framework\web\CWebApplication.php(141): CWebApplication->runController('user/create')
#23 C:\Bitnami\wampstack-5.4.32-0\apache2\htdocs\yiiPath\framework\base\CApplication.php(180): CWebApplication->processRequest()
#24 C:\Bitnami\wampstack-5.4.32-0\apache2\htdocs\isis\index.php(13): CApplication->run()
#25 {main}
REQUEST_URI=/isis/index.php?r=user/create
HTTP_REFERER=http://localhost/isis/index.php?r=user
---
2014/09/13 18:20:43 [error] [exception.CException] exception 'CException' with message 'User and its behaviors do not have a method or closure named "getTypeOptions".' in C:\Bitnami\wampstack-5.4.32-0\apache2\htdocs\yiiPath\framework\base\CComponent.php:266
Stack trace:
#0 C:\Bitnami\wampstack-5.4.32-0\apache2\htdocs\yiiPath\framework\db\ar\CActiveRecord.php(227): CComponent->__call('getTypeOptions', Array)
#1 C:\Bitnami\wampstack-5.4.32-0\apache2\htdocs\isis\protected\views\user\_form.php(32): CActiveRecord->__call('getTypeOptions', Array)
#2 C:\Bitnami\wampstack-5.4.32-0\apache2\htdocs\isis\protected\views\user\_form.php(32): User->getTypeOptions()
#3 C:\Bitnami\wampstack-5.4.32-0\apache2\htdocs\yiiPath\framework\web\CBaseController.php(126): require('C:\\Bitnami\\wamp...')
#4 C:\Bitnami\wampstack-5.4.32-0\apache2\htdocs\yiiPath\framework\web\CBaseController.php(95): CBaseController->renderInternal('C:\\Bitnami\\wamp...', Array, true)
#5 C:\Bitnami\wampstack-5.4.32-0\apache2\htdocs\yiiPath\framework\web\CController.php(869): CBaseController->renderFile('C:\\Bitnami\\wamp...', Array, true)
#6 C:\Bitnami\wampstack-5.4.32-0\apache2\htdocs\isis\protected\views\user\create.php(18): CController->renderPartial('_form', Array)
#7 C:\Bitnami\wampstack-5.4.32-0\apache2\htdocs\yiiPath\framework\web\CBaseController.php(126): require('C:\\Bitnami\\wamp...')
#8 C:\Bitnami\wampstack-5.4.32-0\apache2\htdocs\yiiPath\framework\web\CBaseController.php(95): CBaseController->renderInternal('C:\\Bitnami\\wamp...', Array, true)
#9 C:\Bitnami\wampstack-5.4.32-0\apache2\htdocs\yiiPath\framework\web\CController.php(869): CBaseController->renderFile('C:\\Bitnami\\wamp...', Array, true)
#10 C:\Bitnami\wampstack-5.4.32-0\apache2\htdocs\yiiPath\framework\web\CController.php(782): CController->renderPartial('create', Array, true)
#11 C:\Bitnami\wampstack-5.4.32-0\apache2\htdocs\isis\protected\controllers\UserController.php(79): CController->render('create', Array)
#12 C:\Bitnami\wampstack-5.4.32-0\apache2\htdocs\yiiPath\framework\web\actions\CInlineAction.php(49): UserController->actionCreate()
#13 C:\Bitnami\wampstack-5.4.32-0\apache2\htdocs\yiiPath\framework\web\CController.php(308): CInlineAction->runWithParams(Array)
#14 C:\Bitnami\wampstack-5.4.32-0\apache2\htdocs\yiiPath\framework\web\filters\CFilterChain.php(133): CController->runAction(Object(CInlineAction))
#15 C:\Bitnami\wampstack-5.4.32-0\apache2\htdocs\yiiPath\framework\web\filters\CFilter.php(40): CFilterChain->run()
#16 C:\Bitnami\wampstack-5.4.32-0\apache2\htdocs\yiiPath\framework\web\CController.php(1145): CFilter->filter(Object(CFilterChain))
#17 C:\Bitnami\wampstack-5.4.32-0\apache2\htdocs\yiiPath\framework\web\filters\CInlineFilter.php(58): CController->filterAccessControl(Object(CFilterChain))
#18 C:\Bitnami\wampstack-5.4.32-0\apache2\htdocs\yiiPath\framework\web\filters\CFilterChain.php(130): CInlineFilter->filter(Object(CFilterChain))
#19 C:\Bitnami\wampstack-5.4.32-0\apache2\htdocs\yiiPath\framework\web\CController.php(291): CFilterChain->run()
#20 C:\Bitnami\wampstack-5.4.32-0\apache2\htdocs\yiiPath\framework\web\CController.php(265): CController->runActionWithFilters(Object(CInlineAction), Array)
#21 C:\Bitnami\wampstack-5.4.32-0\apache2\htdocs\yiiPath\framework\web\CWebApplication.php(282): CController->run('create')
#22 C:\Bitnami\wampstack-5.4.32-0\apache2\htdocs\yiiPath\framework\web\CWebApplication.php(141): CWebApplication->runController('user/create')
#23 C:\Bitnami\wampstack-5.4.32-0\apache2\htdocs\yiiPath\framework\base\CApplication.php(180): CWebApplication->processRequest()
#24 C:\Bitnami\wampstack-5.4.32-0\apache2\htdocs\isis\index.php(13): CApplication->run()
#25 {main}
REQUEST_URI=/isis/index.php?r=user/create
HTTP_REFERER=http://localhost/isis/index.php?r=user
---
2014/09/13 18:21:03 [error] [exception.CException] exception 'CException' with message 'User and its behaviors do not have a method or closure named "getTypeOptions".' in C:\Bitnami\wampstack-5.4.32-0\apache2\htdocs\yiiPath\framework\base\CComponent.php:266
Stack trace:
#0 C:\Bitnami\wampstack-5.4.32-0\apache2\htdocs\yiiPath\framework\db\ar\CActiveRecord.php(227): CComponent->__call('getTypeOptions', Array)
#1 C:\Bitnami\wampstack-5.4.32-0\apache2\htdocs\isis\protected\views\user\_form.php(32): CActiveRecord->__call('getTypeOptions', Array)
#2 C:\Bitnami\wampstack-5.4.32-0\apache2\htdocs\isis\protected\views\user\_form.php(32): User->getTypeOptions()
#3 C:\Bitnami\wampstack-5.4.32-0\apache2\htdocs\yiiPath\framework\web\CBaseController.php(126): require('C:\\Bitnami\\wamp...')
#4 C:\Bitnami\wampstack-5.4.32-0\apache2\htdocs\yiiPath\framework\web\CBaseController.php(95): CBaseController->renderInternal('C:\\Bitnami\\wamp...', Array, true)
#5 C:\Bitnami\wampstack-5.4.32-0\apache2\htdocs\yiiPath\framework\web\CController.php(869): CBaseController->renderFile('C:\\Bitnami\\wamp...', Array, true)
#6 C:\Bitnami\wampstack-5.4.32-0\apache2\htdocs\isis\protected\views\user\create.php(18): CController->renderPartial('_form', Array)
#7 C:\Bitnami\wampstack-5.4.32-0\apache2\htdocs\yiiPath\framework\web\CBaseController.php(126): require('C:\\Bitnami\\wamp...')
#8 C:\Bitnami\wampstack-5.4.32-0\apache2\htdocs\yiiPath\framework\web\CBaseController.php(95): CBaseController->renderInternal('C:\\Bitnami\\wamp...', Array, true)
#9 C:\Bitnami\wampstack-5.4.32-0\apache2\htdocs\yiiPath\framework\web\CController.php(869): CBaseController->renderFile('C:\\Bitnami\\wamp...', Array, true)
#10 C:\Bitnami\wampstack-5.4.32-0\apache2\htdocs\yiiPath\framework\web\CController.php(782): CController->renderPartial('create', Array, true)
#11 C:\Bitnami\wampstack-5.4.32-0\apache2\htdocs\isis\protected\controllers\UserController.php(79): CController->render('create', Array)
#12 C:\Bitnami\wampstack-5.4.32-0\apache2\htdocs\yiiPath\framework\web\actions\CInlineAction.php(49): UserController->actionCreate()
#13 C:\Bitnami\wampstack-5.4.32-0\apache2\htdocs\yiiPath\framework\web\CController.php(308): CInlineAction->runWithParams(Array)
#14 C:\Bitnami\wampstack-5.4.32-0\apache2\htdocs\yiiPath\framework\web\filters\CFilterChain.php(133): CController->runAction(Object(CInlineAction))
#15 C:\Bitnami\wampstack-5.4.32-0\apache2\htdocs\yiiPath\framework\web\filters\CFilter.php(40): CFilterChain->run()
#16 C:\Bitnami\wampstack-5.4.32-0\apache2\htdocs\yiiPath\framework\web\CController.php(1145): CFilter->filter(Object(CFilterChain))
#17 C:\Bitnami\wampstack-5.4.32-0\apache2\htdocs\yiiPath\framework\web\filters\CInlineFilter.php(58): CController->filterAccessControl(Object(CFilterChain))
#18 C:\Bitnami\wampstack-5.4.32-0\apache2\htdocs\yiiPath\framework\web\filters\CFilterChain.php(130): CInlineFilter->filter(Object(CFilterChain))
#19 C:\Bitnami\wampstack-5.4.32-0\apache2\htdocs\yiiPath\framework\web\CController.php(291): CFilterChain->run()
#20 C:\Bitnami\wampstack-5.4.32-0\apache2\htdocs\yiiPath\framework\web\CController.php(265): CController->runActionWithFilters(Object(CInlineAction), Array)
#21 C:\Bitnami\wampstack-5.4.32-0\apache2\htdocs\yiiPath\framework\web\CWebApplication.php(282): CController->run('create')
#22 C:\Bitnami\wampstack-5.4.32-0\apache2\htdocs\yiiPath\framework\web\CWebApplication.php(141): CWebApplication->runController('user/create')
#23 C:\Bitnami\wampstack-5.4.32-0\apache2\htdocs\yiiPath\framework\base\CApplication.php(180): CWebApplication->processRequest()
#24 C:\Bitnami\wampstack-5.4.32-0\apache2\htdocs\isis\index.php(13): CApplication->run()
#25 {main}
REQUEST_URI=/isis/index.php?r=user/create
HTTP_REFERER=http://localhost/isis/index.php?r=user
---
2014/09/14 00:53:18 [error] [system.db.CDbCommand] CDbCommand::fetchAll() failed: SQLSTATE[42S02]: Base table or view not found: 1146 Table 'coleman_cap.tbl_issue' doesn't exist. The SQL statement executed was: SHOW FULL COLUMNS FROM `tbl_issue`.
in C:\Bitnami\wampstack-5.4.32-0\apache2\htdocs\isis\index.php (13)
2014/09/14 00:55:58 [error] [system.db.CDbCommand] CDbCommand::fetchAll() failed: SQLSTATE[42S02]: Base table or view not found: 1146 Table 'coleman_cap.tbl_issue' doesn't exist. The SQL statement executed was: SHOW FULL COLUMNS FROM `tbl_issue`.
in C:\Bitnami\wampstack-5.4.32-0\apache2\htdocs\isis\index.php (13)
2014/09/14 00:56:10 [error] [system.db.CDbCommand] CDbCommand::fetchAll() failed: SQLSTATE[42S02]: Base table or view not found: 1146 Table 'coleman_cap.issue' doesn't exist. The SQL statement executed was: SHOW FULL COLUMNS FROM `issue`.
in C:\Bitnami\wampstack-5.4.32-0\apache2\htdocs\isis\index.php (13)
2014/09/14 01:00:45 [error] [system.db.CDbCommand] CDbCommand::fetchAll() failed: SQLSTATE[42S02]: Base table or view not found: 1146 Table 'coleman_cap.issue' doesn't exist. The SQL statement executed was: SHOW FULL COLUMNS FROM `issue`.
in C:\Bitnami\wampstack-5.4.32-0\apache2\htdocs\isis\index.php (13)
2014/09/14 01:01:04 [error] [system.db.CDbCommand] CDbCommand::fetchAll() failed: SQLSTATE[42S02]: Base table or view not found: 1146 Table 'coleman_cap.tbl_issue' doesn't exist. The SQL statement executed was: SHOW FULL COLUMNS FROM `tbl_issue`.
in C:\Bitnami\wampstack-5.4.32-0\apache2\htdocs\isis\index.php (13)
2014/09/14 01:09:49 [error] [system.db.CDbCommand] CDbCommand::fetchAll() failed: SQLSTATE[42S02]: Base table or view not found: 1146 Table 'coleman_cap.tbl_issue' doesn't exist. The SQL statement executed was: SHOW FULL COLUMNS FROM `tbl_issue`.
in C:\Bitnami\wampstack-5.4.32-0\apache2\htdocs\isis\index.php (13)
2014/09/14 01:14:24 [error] [php] include(m140914_081304_create_issue_user_and_assignment_tables.php): failed to open stream: No such file or directory (C:\Bitnami\wampstack-5.4.32-0\apache2\htdocs\yiiPath\framework\YiiBase.php:427)
Stack trace:
#0 C:\Bitnami\wampstack-5.4.32-0\apache2\htdocs\yiiPath\framework\cli\commands\MigrateCommand.php(429): spl_autoload_call()
#1 C:\Bitnami\wampstack-5.4.32-0\apache2\htdocs\yiiPath\framework\cli\commands\MigrateCommand.php(384): MigrateCommand->instantiateMigration()
#2 C:\Bitnami\wampstack-5.4.32-0\apache2\htdocs\yiiPath\framework\cli\commands\MigrateCommand.php(109): MigrateCommand->migrateUp()
#3 unknown(0): MigrateCommand->actionUp()
#4 C:\Bitnami\wampstack-5.4.32-0\apache2\htdocs\yiiPath\framework\console\CConsoleCommand.php(172): ReflectionMethod->invokeArgs()
#5 C:\Bitnami\wampstack-5.4.32-0\apache2\htdocs\yiiPath\framework\console\CConsoleCommandRunner.php(71): MigrateCommand->run()
#6 C:\Bitnami\wampstack-5.4.32-0\apache2\htdocs\yiiPath\framework\console\CConsoleApplication.php(92): CConsoleCommandRunner->run()
#7 C:\Bitnami\wampstack-5.4.32-0\apache2\htdocs\yiiPath\framework\base\CApplication.php(180): CConsoleApplication->processRequest()
#8 C:\Bitnami\wampstack-5.4.32-0\apache2\htdocs\yiiPath\framework\yiic.php(33): CConsoleApplication->run()
#9 C:\Bitnami\wampstack-5.4.32-0\apache2\htdocs\isis\protected\yiic.php(7): require_once()

2014/09/14 01:40:31 [error] [php] include(m140914_081304_create_issue_user_and_assignment_tables.php): failed to open stream: No such file or directory (C:\Bitnami\wampstack-5.4.32-0\apache2\htdocs\yiiPath\framework\YiiBase.php:427)
Stack trace:
#0 C:\Bitnami\wampstack-5.4.32-0\apache2\htdocs\yiiPath\framework\cli\commands\MigrateCommand.php(429): spl_autoload_call()
#1 C:\Bitnami\wampstack-5.4.32-0\apache2\htdocs\yiiPath\framework\cli\commands\MigrateCommand.php(384): MigrateCommand->instantiateMigration()
#2 C:\Bitnami\wampstack-5.4.32-0\apache2\htdocs\yiiPath\framework\cli\commands\MigrateCommand.php(109): MigrateCommand->migrateUp()
#3 unknown(0): MigrateCommand->actionUp()
#4 C:\Bitnami\wampstack-5.4.32-0\apache2\htdocs\yiiPath\framework\console\CConsoleCommand.php(172): ReflectionMethod->invokeArgs()
#5 C:\Bitnami\wampstack-5.4.32-0\apache2\htdocs\yiiPath\framework\console\CConsoleCommandRunner.php(71): MigrateCommand->run()
#6 C:\Bitnami\wampstack-5.4.32-0\apache2\htdocs\yiiPath\framework\console\CConsoleApplication.php(92): CConsoleCommandRunner->run()
#7 C:\Bitnami\wampstack-5.4.32-0\apache2\htdocs\yiiPath\framework\base\CApplication.php(180): CConsoleApplication->processRequest()
#8 C:\Bitnami\wampstack-5.4.32-0\apache2\htdocs\yiiPath\framework\yiic.php(33): CConsoleApplication->run()
#9 C:\Bitnami\wampstack-5.4.32-0\apache2\htdocs\isis\protected\yiic.php(7): require_once()

2014/09/14 01:46:10 [error] [system.db.CDbCommand] CDbCommand::fetchAll() failed: SQLSTATE[42S02]: Base table or view not found: 1146 Table 'coleman_cap.tbl_issue' doesn't exist. The SQL statement executed was: SHOW FULL COLUMNS FROM `tbl_issue`.
in C:\Bitnami\wampstack-5.4.32-0\apache2\htdocs\isis\index.php (13)
2014/09/14 01:56:48 [error] [system.db.CDbCommand] CDbCommand::fetchAll() failed: SQLSTATE[42S02]: Base table or view not found: 1146 Table 'public.tbl_issue' doesn't exist. The SQL statement executed was: SHOW FULL COLUMNS FROM `public`.`tbl_issue`.
in C:\Bitnami\wampstack-5.4.32-0\apache2\htdocs\isis\index.php (13)
2014/09/14 01:58:19 [error] [system.db.CDbCommand] CDbCommand::fetchAll() failed: SQLSTATE[42S02]: Base table or view not found: 1146 Table 'coleman_cap.tbl_issue' doesn't exist. The SQL statement executed was: SHOW FULL COLUMNS FROM `tbl_issue`.
in C:\Bitnami\wampstack-5.4.32-0\apache2\htdocs\isis\index.php (13)
2014/09/14 01:58:27 [error] [system.db.CDbCommand] CDbCommand::fetchAll() failed: SQLSTATE[42S02]: Base table or view not found: 1146 Table 'coleman_cap.tbl_issue' doesn't exist. The SQL statement executed was: SHOW FULL COLUMNS FROM `tbl_issue`.
in C:\Bitnami\wampstack-5.4.32-0\apache2\htdocs\isis\index.php (13)
2014/09/15 22:11:33 [error] [php] Undefined variable: time (C:\Bitnami\wampstack-5.4.32-0\apache2\htdocs\isis\protected\views\layouts\main.php:54)
Stack trace:
#0 C:\Bitnami\wampstack-5.4.32-0\apache2\htdocs\yiiPath\framework\web\widgets\CContentDecorator.php(76): SiteController->renderFile()
#1 C:\Bitnami\wampstack-5.4.32-0\apache2\htdocs\yiiPath\framework\web\widgets\CContentDecorator.php(54): CContentDecorator->decorate()
#2 C:\Bitnami\wampstack-5.4.32-0\apache2\htdocs\yiiPath\framework\web\widgets\COutputProcessor.php(44): CContentDecorator->processOutput()
#3 C:\Bitnami\wampstack-5.4.32-0\apache2\htdocs\yiiPath\framework\web\CBaseController.php(206): CContentDecorator->run()
#4 C:\Bitnami\wampstack-5.4.32-0\apache2\htdocs\yiiPath\framework\web\CBaseController.php(300): SiteController->endWidget()
#5 C:\Bitnami\wampstack-5.4.32-0\apache2\htdocs\isis\protected\views\layouts\column1.php(6): SiteController->endContent()
#6 C:\Bitnami\wampstack-5.4.32-0\apache2\htdocs\yiiPath\framework\web\CBaseController.php(126): require()
#7 C:\Bitnami\wampstack-5.4.32-0\apache2\htdocs\yiiPath\framework\web\CBaseController.php(95): SiteController->renderInternal()
#8 C:\Bitnami\wampstack-5.4.32-0\apache2\htdocs\yiiPath\framework\web\CController.php(784): SiteController->renderFile()
#9 C:\Bitnami\wampstack-5.4.32-0\apache2\htdocs\yiiPath\framework\web\actions\CViewAction.php(140): SiteController->render()
#10 C:\Bitnami\wampstack-5.4.32-0\apache2\htdocs\yiiPath\framework\web\actions\CAction.php(76): CViewAction->run()
#11 C:\Bitnami\wampstack-5.4.32-0\apache2\htdocs\yiiPath\framework\web\CController.php(308): CViewAction->runWithParams()
#12 C:\Bitnami\wampstack-5.4.32-0\apache2\htdocs\yiiPath\framework\web\CController.php(286): SiteController->runAction()
#13 C:\Bitnami\wampstack-5.4.32-0\apache2\htdocs\yiiPath\framework\web\CController.php(265): SiteController->runActionWithFilters()
#14 C:\Bitnami\wampstack-5.4.32-0\apache2\htdocs\yiiPath\framework\web\CWebApplication.php(282): SiteController->run()
#15 C:\Bitnami\wampstack-5.4.32-0\apache2\htdocs\yiiPath\framework\web\CWebApplication.php(141): CWebApplication->runController()
#16 C:\Bitnami\wampstack-5.4.32-0\apache2\htdocs\yiiPath\framework\base\CApplication.php(180): CWebApplication->processRequest()
#17 C:\Bitnami\wampstack-5.4.32-0\apache2\htdocs\isis\index.php(13): CWebApplication->run()
REQUEST_URI=/isis/index.php?r=site/page&view=about
in C:\Bitnami\wampstack-5.4.32-0\apache2\htdocs\isis\protected\views\layouts\main.php (54)
in C:\Bitnami\wampstack-5.4.32-0\apache2\htdocs\isis\protected\views\layouts\column1.php (6)
in C:\Bitnami\wampstack-5.4.32-0\apache2\htdocs\isis\index.php (13)
2014/09/15 23:26:16 [error] [exception.CHttpException.404] exception 'CHttpException' with message 'The system is unable to find the requested action "survey".' in C:\Bitnami\wampstack-5.4.32-0\apache2\htdocs\yiiPath\framework\web\CController.php:483
Stack trace:
#0 C:\Bitnami\wampstack-5.4.32-0\apache2\htdocs\yiiPath\framework\web\CController.php(270): CController->missingAction('survey')
#1 C:\Bitnami\wampstack-5.4.32-0\apache2\htdocs\yiiPath\framework\web\CWebApplication.php(282): CController->run('survey')
#2 C:\Bitnami\wampstack-5.4.32-0\apache2\htdocs\yiiPath\framework\web\CWebApplication.php(141): CWebApplication->runController('site/survey')
#3 C:\Bitnami\wampstack-5.4.32-0\apache2\htdocs\yiiPath\framework\base\CApplication.php(180): CWebApplication->processRequest()
#4 C:\Bitnami\wampstack-5.4.32-0\apache2\htdocs\isis\index.php(13): CApplication->run()
#5 {main}
REQUEST_URI=/isis/index.php?r=site/survey
---
2014/09/15 23:29:45 [error] [exception.CHttpException.404] exception 'CHttpException' with message 'The system is unable to find the requested action "survey".' in C:\Bitnami\wampstack-5.4.32-0\apache2\htdocs\yiiPath\framework\web\CController.php:483
Stack trace:
#0 C:\Bitnami\wampstack-5.4.32-0\apache2\htdocs\yiiPath\framework\web\CController.php(270): CController->missingAction('survey')
#1 C:\Bitnami\wampstack-5.4.32-0\apache2\htdocs\yiiPath\framework\web\CWebApplication.php(282): CController->run('survey')
#2 C:\Bitnami\wampstack-5.4.32-0\apache2\htdocs\yiiPath\framework\web\CWebApplication.php(141): CWebApplication->runController('site/survey')
#3 C:\Bitnami\wampstack-5.4.32-0\apache2\htdocs\yiiPath\framework\base\CApplication.php(180): CWebApplication->processRequest()
#4 C:\Bitnami\wampstack-5.4.32-0\apache2\htdocs\isis\index.php(13): CApplication->run()
#5 {main}
REQUEST_URI=/isis/index.php?r=site/survey
---
